mode: atomic
github.com/ozonmp/bss-office-api/internal/repo/event_repo.go:28.42,30.2 1 3
github.com/ozonmp/bss-office-api/internal/repo/event_repo.go:32.78,46.16 5 0
github.com/ozonmp/bss-office-api/internal/repo/event_repo.go:50.2,52.12 2 0
github.com/ozonmp/bss-office-api/internal/repo/event_repo.go:46.16,48.3 1 0
github.com/ozonmp/bss-office-api/internal/repo/event_repo.go:55.74,60.16 3 1
github.com/ozonmp/bss-office-api/internal/repo/event_repo.go:64.2,66.16 2 1
github.com/ozonmp/bss-office-api/internal/repo/event_repo.go:70.2,72.16 2 1
github.com/ozonmp/bss-office-api/internal/repo/event_repo.go:76.2,76.20 1 1
github.com/ozonmp/bss-office-api/internal/repo/event_repo.go:80.2,80.12 1 1
github.com/ozonmp/bss-office-api/internal/repo/event_repo.go:60.16,62.3 1 0
github.com/ozonmp/bss-office-api/internal/repo/event_repo.go:66.16,68.3 1 0
github.com/ozonmp/bss-office-api/internal/repo/event_repo.go:72.16,74.3 1 0
github.com/ozonmp/bss-office-api/internal/repo/event_repo.go:76.20,78.3 1 0
github.com/ozonmp/bss-office-api/internal/repo/event_repo.go:83.86,93.16 3 1
github.com/ozonmp/bss-office-api/internal/repo/event_repo.go:97.2,100.16 3 1
github.com/ozonmp/bss-office-api/internal/repo/event_repo.go:104.2,104.20 1 1
github.com/ozonmp/bss-office-api/internal/repo/event_repo.go:93.16,95.3 1 0
github.com/ozonmp/bss-office-api/internal/repo/event_repo.go:100.16,102.3 1 0
github.com/ozonmp/bss-office-api/internal/repo/event_repo.go:107.74,112.16 3 1
github.com/ozonmp/bss-office-api/internal/repo/event_repo.go:116.2,118.16 2 1
github.com/ozonmp/bss-office-api/internal/repo/event_repo.go:122.2,124.16 2 1
github.com/ozonmp/bss-office-api/internal/repo/event_repo.go:128.2,128.20 1 1
github.com/ozonmp/bss-office-api/internal/repo/event_repo.go:132.2,132.12 1 1
github.com/ozonmp/bss-office-api/internal/repo/event_repo.go:112.16,114.3 1 0
github.com/ozonmp/bss-office-api/internal/repo/event_repo.go:118.16,120.3 1 0
github.com/ozonmp/bss-office-api/internal/repo/event_repo.go:124.16,126.3 1 0
github.com/ozonmp/bss-office-api/internal/repo/event_repo.go:128.20,130.3 1 0
github.com/ozonmp/bss-office-api/internal/repo/office_repo.go:31.44,33.2 1 7
github.com/ozonmp/bss-office-api/internal/repo/office_repo.go:36.92,47.16 3 1
github.com/ozonmp/bss-office-api/internal/repo/office_repo.go:51.2,54.35 3 1
github.com/ozonmp/bss-office-api/internal/repo/office_repo.go:58.2,58.16 1 1
github.com/ozonmp/bss-office-api/internal/repo/office_repo.go:62.2,62.21 1 1
github.com/ozonmp/bss-office-api/internal/repo/office_repo.go:47.16,49.3 1 0
github.com/ozonmp/bss-office-api/internal/repo/office_repo.go:54.35,56.3 1 0
github.com/ozonmp/bss-office-api/internal/repo/office_repo.go:58.16,60.3 1 0
github.com/ozonmp/bss-office-api/internal/repo/office_repo.go:66.100,73.16 3 1
github.com/ozonmp/bss-office-api/internal/repo/office_repo.go:77.2,78.15 2 1
github.com/ozonmp/bss-office-api/internal/repo/office_repo.go:84.2,89.16 4 1
github.com/ozonmp/bss-office-api/internal/repo/office_repo.go:93.2,93.16 1 1
github.com/ozonmp/bss-office-api/internal/repo/office_repo.go:73.16,75.3 1 0
github.com/ozonmp/bss-office-api/internal/repo/office_repo.go:78.15,80.3 1 1
github.com/ozonmp/bss-office-api/internal/repo/office_repo.go:80.8,82.3 1 0
github.com/ozonmp/bss-office-api/internal/repo/office_repo.go:89.16,91.3 1 0
github.com/ozonmp/bss-office-api/internal/repo/office_repo.go:98.94,107.16 3 1
github.com/ozonmp/bss-office-api/internal/repo/office_repo.go:111.2,112.15 2 1
github.com/ozonmp/bss-office-api/internal/repo/office_repo.go:118.2,120.16 2 1
github.com/ozonmp/bss-office-api/internal/repo/office_repo.go:124.2,126.16 2 1
github.com/ozonmp/bss-office-api/internal/repo/office_repo.go:130.2,130.20 1 1
github.com/ozonmp/bss-office-api/internal/repo/office_repo.go:134.2,134.18 1 1
github.com/ozonmp/bss-office-api/internal/repo/office_repo.go:107.16,109.3 1 0
github.com/ozonmp/bss-office-api/internal/repo/office_repo.go:112.15,114.3 1 1
github.com/ozonmp/bss-office-api/internal/repo/office_repo.go:114.8,116.3 1 0
github.com/ozonmp/bss-office-api/internal/repo/office_repo.go:120.16,122.3 1 0
github.com/ozonmp/bss-office-api/internal/repo/office_repo.go:126.16,128.3 1 0
github.com/ozonmp/bss-office-api/internal/repo/office_repo.go:130.20,132.3 1 0
github.com/ozonmp/bss-office-api/internal/repo/office_repo.go:138.115,149.16 3 1
github.com/ozonmp/bss-office-api/internal/repo/office_repo.go:153.2,154.15 2 1
github.com/ozonmp/bss-office-api/internal/repo/office_repo.go:160.2,162.16 2 1
github.com/ozonmp/bss-office-api/internal/repo/office_repo.go:166.2,168.16 2 1
github.com/ozonmp/bss-office-api/internal/repo/office_repo.go:172.2,172.20 1 1
github.com/ozonmp/bss-office-api/internal/repo/office_repo.go:176.2,176.18 1 1
github.com/ozonmp/bss-office-api/internal/repo/office_repo.go:149.16,151.3 1 0
github.com/ozonmp/bss-office-api/internal/repo/office_repo.go:154.15,156.3 1 1
github.com/ozonmp/bss-office-api/internal/repo/office_repo.go:156.8,158.3 1 0
github.com/ozonmp/bss-office-api/internal/repo/office_repo.go:162.16,164.3 1 0
github.com/ozonmp/bss-office-api/internal/repo/office_repo.go:168.16,170.3 1 0
github.com/ozonmp/bss-office-api/internal/repo/office_repo.go:172.20,174.3 1 0
github.com/ozonmp/bss-office-api/internal/repo/office_repo.go:180.111,190.16 3 1
github.com/ozonmp/bss-office-api/internal/repo/office_repo.go:194.2,195.15 2 1
github.com/ozonmp/bss-office-api/internal/repo/office_repo.go:201.2,203.16 2 1
github.com/ozonmp/bss-office-api/internal/repo/office_repo.go:207.2,209.16 2 1
github.com/ozonmp/bss-office-api/internal/repo/office_repo.go:213.2,213.20 1 1
github.com/ozonmp/bss-office-api/internal/repo/office_repo.go:217.2,217.18 1 1
github.com/ozonmp/bss-office-api/internal/repo/office_repo.go:190.16,192.3 1 0
github.com/ozonmp/bss-office-api/internal/repo/office_repo.go:195.15,197.3 1 1
github.com/ozonmp/bss-office-api/internal/repo/office_repo.go:197.8,199.3 1 0
github.com/ozonmp/bss-office-api/internal/repo/office_repo.go:203.16,205.3 1 0
github.com/ozonmp/bss-office-api/internal/repo/office_repo.go:209.16,211.3 1 0
github.com/ozonmp/bss-office-api/internal/repo/office_repo.go:213.20,215.3 1 0
github.com/ozonmp/bss-office-api/internal/repo/office_repo.go:221.125,231.16 3 1
github.com/ozonmp/bss-office-api/internal/repo/office_repo.go:235.2,236.15 2 1
github.com/ozonmp/bss-office-api/internal/repo/office_repo.go:242.2,244.16 2 1
github.com/ozonmp/bss-office-api/internal/repo/office_repo.go:248.2,250.16 2 1
github.com/ozonmp/bss-office-api/internal/repo/office_repo.go:254.2,254.20 1 1
github.com/ozonmp/bss-office-api/internal/repo/office_repo.go:258.2,258.18 1 1
github.com/ozonmp/bss-office-api/internal/repo/office_repo.go:231.16,233.3 1 0
github.com/ozonmp/bss-office-api/internal/repo/office_repo.go:236.15,238.3 1 1
github.com/ozonmp/bss-office-api/internal/repo/office_repo.go:238.8,240.3 1 0
github.com/ozonmp/bss-office-api/internal/repo/office_repo.go:244.16,246.3 1 0
github.com/ozonmp/bss-office-api/internal/repo/office_repo.go:250.16,252.3 1 0
github.com/ozonmp/bss-office-api/internal/repo/office_repo.go:254.20,256.3 1 0
github.com/ozonmp/bss-office-api/internal/repo/office_repo.go:262.103,271.16 3 1
github.com/ozonmp/bss-office-api/internal/repo/office_repo.go:275.2,279.16 3 1
github.com/ozonmp/bss-office-api/internal/repo/office_repo.go:283.2,283.21 1 1
github.com/ozonmp/bss-office-api/internal/repo/office_repo.go:271.16,273.3 1 0
github.com/ozonmp/bss-office-api/internal/repo/office_repo.go:279.16,281.3 1 0
github.com/ozonmp/bss-office-api/internal/api/api.go:23.73,25.2 1 23
github.com/ozonmp/bss-office-api/internal/api/converters.go:9.60,18.2 1 2
github.com/ozonmp/bss-office-api/internal/api/create.go:16.39,18.39 1 5
github.com/ozonmp/bss-office-api/internal/api/create.go:24.2,29.16 2 2
github.com/ozonmp/bss-office-api/internal/api/create.go:35.2,39.8 2 1
github.com/ozonmp/bss-office-api/internal/api/create.go:18.39,22.3 2 3
github.com/ozonmp/bss-office-api/internal/api/create.go:29.16,33.3 2 1
github.com/ozonmp/bss-office-api/internal/api/describe.go:15.41,17.39 1 5
github.com/ozonmp/bss-office-api/internal/api/describe.go:23.2,24.16 2 3
github.com/ozonmp/bss-office-api/internal/api/describe.go:30.2,30.19 1 2
github.com/ozonmp/bss-office-api/internal/api/describe.go:37.2,41.8 2 1
github.com/ozonmp/bss-office-api/internal/api/describe.go:17.39,21.3 2 2
github.com/ozonmp/bss-office-api/internal/api/describe.go:24.16,28.3 2 1
github.com/ozonmp/bss-office-api/internal/api/describe.go:30.19,35.3 3 1
github.com/ozonmp/bss-office-api/internal/api/list.go:14.38,15.39 1 4
github.com/ozonmp/bss-office-api/internal/api/list.go:21.2,22.16 2 2
github.com/ozonmp/bss-office-api/internal/api/list.go:28.2,31.29 3 1
github.com/ozonmp/bss-office-api/internal/api/list.go:35.2,37.8 1 1
github.com/ozonmp/bss-office-api/internal/api/list.go:15.39,19.3 2 2
github.com/ozonmp/bss-office-api/internal/api/list.go:22.16,26.3 2 1
github.com/ozonmp/bss-office-api/internal/api/list.go:31.29,33.3 1 1
github.com/ozonmp/bss-office-api/internal/api/remove.go:15.39,17.39 1 4
github.com/ozonmp/bss-office-api/internal/api/remove.go:23.2,24.16 2 2
github.com/ozonmp/bss-office-api/internal/api/remove.go:30.2,34.8 2 1
github.com/ozonmp/bss-office-api/internal/api/remove.go:17.39,21.3 2 2
github.com/ozonmp/bss-office-api/internal/api/remove.go:24.16,28.3 2 1
github.com/ozonmp/bss-office-api/internal/api/update.go:17.39,19.39 1 5
github.com/ozonmp/bss-office-api/internal/api/update.go:25.2,32.35 2 3
github.com/ozonmp/bss-office-api/internal/api/update.go:39.2,39.16 1 2
github.com/ozonmp/bss-office-api/internal/api/update.go:45.2,49.8 2 1
github.com/ozonmp/bss-office-api/internal/api/update.go:19.39,23.3 2 2
github.com/ozonmp/bss-office-api/internal/api/update.go:32.35,37.3 3 1
github.com/ozonmp/bss-office-api/internal/api/update.go:39.16,43.3 2 1
