mode: atomic
github.com/ozonmp/bss-office-api/internal/api/list.go:14.38,16.16 2 0
github.com/ozonmp/bss-office-api/internal/api/list.go:22.2,25.29 3 0
github.com/ozonmp/bss-office-api/internal/api/list.go:29.2,31.8 1 0
github.com/ozonmp/bss-office-api/internal/api/list.go:16.16,20.3 2 0
github.com/ozonmp/bss-office-api/internal/api/list.go:25.29,27.3 1 0
github.com/ozonmp/bss-office-api/internal/api/remove.go:15.39,17.39 1 4
github.com/ozonmp/bss-office-api/internal/api/remove.go:23.2,24.16 2 2
github.com/ozonmp/bss-office-api/internal/api/remove.go:30.2,34.8 2 1
github.com/ozonmp/bss-office-api/internal/api/remove.go:17.39,21.3 2 2
github.com/ozonmp/bss-office-api/internal/api/remove.go:24.16,28.3 2 1
github.com/ozonmp/bss-office-api/internal/api/api.go:23.61,25.2 1 14
github.com/ozonmp/bss-office-api/internal/api/converters.go:8.60,14.2 1 1
github.com/ozonmp/bss-office-api/internal/api/create.go:16.39,18.39 1 5
github.com/ozonmp/bss-office-api/internal/api/create.go:24.2,29.16 2 2
github.com/ozonmp/bss-office-api/internal/api/create.go:35.2,39.8 2 1
github.com/ozonmp/bss-office-api/internal/api/create.go:18.39,22.3 2 3
github.com/ozonmp/bss-office-api/internal/api/create.go:29.16,33.3 2 1
github.com/ozonmp/bss-office-api/internal/api/describe.go:15.41,17.39 1 5
github.com/ozonmp/bss-office-api/internal/api/describe.go:23.2,24.16 2 3
github.com/ozonmp/bss-office-api/internal/api/describe.go:30.2,30.19 1 2
github.com/ozonmp/bss-office-api/internal/api/describe.go:37.2,41.8 2 1
github.com/ozonmp/bss-office-api/internal/api/describe.go:17.39,21.3 2 2
github.com/ozonmp/bss-office-api/internal/api/describe.go:24.16,28.3 2 1
github.com/ozonmp/bss-office-api/internal/api/describe.go:30.19,35.3 3 1
